<?xml version="1.0" encoding="UTF-8"?>
<testng-results skipped="0" failed="0" ignored="0" total="1" passed="1">
  <reporter-output>
  </reporter-output>
  <suite name="Command line suite" duration-ms="80229" started-at="2020-12-30T10:21:09Z" finished-at="2020-12-30T10:22:29Z">
    <groups>
    </groups>
    <test name="Command line test" duration-ms="80229" started-at="2020-12-30T10:21:09Z" finished-at="2020-12-30T10:22:29Z">
      <class name="com.freecrm.logintests.LoginTest">
        <test-method status="PASS" signature="init()[pri:0, instance:com.freecrm.logintests.LoginTest@13969fbe]" name="init" is-config="true" duration-ms="34399" started-at="2020-12-30T10:21:09Z" finished-at="2020-12-30T10:21:43Z">
          <reporter-output>
          </reporter-output>
        </test-method> <!-- init -->
        <test-method status="PASS" signature="loginTest1()[pri:0, instance:com.freecrm.logintests.LoginTest@13969fbe]" name="loginTest1" duration-ms="44984" started-at="2020-12-30T10:21:43Z" finished-at="2020-12-30T10:22:28Z">
          <reporter-output>
          </reporter-output>
        </test-method> <!-- loginTest1 -->
        <test-method status="PASS" signature="closeBrowser()[pri:0, instance:com.freecrm.logintests.LoginTest@13969fbe]" name="closeBrowser" is-config="true" duration-ms="816" started-at="2020-12-30T10:22:28Z" finished-at="2020-12-30T10:22:29Z">
          <reporter-output>
          </reporter-output>
        </test-method> <!-- closeBrowser -->
      </class> <!-- com.freecrm.logintests.LoginTest -->
    </test> <!-- Command line test -->
  </suite> <!-- Command line suite -->
</testng-results>
